<?xml version="1.0" encoding="UTF-8"?>
<testsuite name="model.StudentTest" tests="1" skipped="0" failures="0" errors="0" timestamp="2019-07-30T11:57:52" hostname="VICTTALP-WW5074" time="0.001">
  <properties/>
  <testcase name="testStudent" classname="model.StudentTest" time="0.001"/>
  <system-out><![CDATA[]]></system-out>
  <system-err><![CDATA[]]></system-err>
</testsuite>
